2025/05/13 19:05:48 [INFO] DHT节点已启动
2025/05/13 19:05:48 [INFO] 元数据获取器已启动
2025/05/13 19:05:48 [INFO] InfoHash处理器已启动
2025/05/13 19:05:48 [INFO] 元数据处理器已启动
2025/05/13 19:05:48 [INFO] 爬虫已启动
2025/05/13 19:08:54 [INFO] DHT节点已启动
2025/05/13 19:08:54 [INFO] 元数据获取器已启动
2025/05/13 19:08:54 [INFO] InfoHash处理器已启动
2025/05/13 19:08:54 [INFO] 元数据处理器已启动
2025/05/13 19:08:54 [INFO] 爬虫已启动
2025/05/13 19:13:51 [INFO] DHT节点已启动
2025/05/13 19:13:51 [INFO] 元数据获取器已启动
2025/05/13 19:13:51 [INFO] InfoHash处理器已启动
2025/05/13 19:13:51 [INFO] 元数据处理器已启动
2025/05/13 19:13:51 [INFO] 爬虫已启动
2025/05/13 19:28:23 [INFO] DHT节点已启动
2025/05/13 19:28:23 [INFO] 元数据获取器已启动
2025/05/13 19:28:23 [INFO] InfoHash处理器已启动
2025/05/13 19:28:23 [INFO] 元数据处理器已启动
2025/05/13 19:28:23 [INFO] 爬虫已启动
2025/05/13 19:30:13 [INFO] DHT节点已启动
2025/05/13 19:30:13 [INFO] 元数据获取器已启动
2025/05/13 19:30:13 [INFO] InfoHash处理器已启动
2025/05/13 19:30:13 [INFO] 元数据处理器已启动
2025/05/13 19:30:13 [INFO] 爬虫已启动
2025/05/13 19:37:13 [INFO] DHT节点已启动
2025/05/13 19:37:13 [INFO] 元数据获取器已启动
2025/05/13 19:37:13 [INFO] 元数据处理器已启动
2025/05/13 19:37:13 [INFO] 爬虫已启动
2025/05/13 19:54:33 [INFO] DHT节点已停止
2025/05/13 19:54:33 [INFO] 元数据获取器已停止
2025/05/13 19:54:51 [INFO] DHT节点已启动
2025/05/13 19:54:51 [INFO] 元数据获取器已启动
2025/05/13 19:54:51 [INFO] 元数据处理器已启动
2025/05/13 19:54:51 [INFO] 爬虫已启动
2025/05/13 20:06:28 [INFO] DHT节点已停止
2025/05/13 20:06:28 [INFO] 元数据获取器已停止
2025/05/13 20:32:36 [INFO] DHT Wire 组件已启动
2025/05/13 20:32:36 [INFO] 元数据处理器已启动
2025/05/13 20:32:36 [INFO] DHT 爬虫已启动
2025/05/13 20:32:36 [INFO] 爬虫已启动
2025/05/13 20:34:20 [INFO] DHT 爬虫已停止
2025/05/13 21:00:43 [INFO] DHT Wire 组件已启动
2025/05/13 21:00:43 [INFO] 元数据处理器已启动
2025/05/13 21:00:43 [INFO] DHT 爬虫已启动
2025/05/13 21:00:43 [INFO] 爬虫已启动
2025/05/13 21:01:39 [INFO] DHT Wire 组件已启动
2025/05/13 21:01:39 [INFO] 元数据处理器已启动
2025/05/13 21:01:39 [INFO] DHT 爬虫已启动
2025/05/13 21:01:39 [INFO] 爬虫已启动
2025/05/13 21:03:19 [INFO] DHT Wire 组件已启动
2025/05/13 21:03:19 [INFO] 元数据处理器已启动
2025/05/13 21:03:19 [INFO] DHT 爬虫已启动
2025/05/13 21:03:19 [INFO] 爬虫已启动
2025/05/13 21:05:36 [INFO] DHT Wire 组件已启动
2025/05/13 21:05:36 [INFO] 元数据处理器已启动
2025/05/13 21:05:36 [INFO] DHT 爬虫已启动
2025/05/13 21:05:36 [INFO] 爬虫已启动
2025/05/13 21:10:22 [INFO] DHT 爬虫已停止
2025/05/13 21:10:30 [INFO] DHT Wire 组件已启动
2025/05/13 21:10:30 [INFO] 元数据处理器已启动
2025/05/13 21:10:30 [INFO] DHT 爬虫已启动
2025/05/13 21:10:30 [INFO] 爬虫已启动
2025/05/13 21:10:50 [INFO] DHT Wire 组件已启动
2025/05/13 21:10:50 [INFO] 元数据处理器已启动
2025/05/13 21:10:50 [INFO] DHT 爬虫已启动
2025/05/13 21:10:50 [INFO] 爬虫已启动
2025/05/13 21:19:33 [INFO] DHT 爬虫已停止
2025/05/13 21:19:48 [INFO] DHT Wire 组件已启动
2025/05/13 21:19:48 [INFO] 元数据处理器已启动
2025/05/13 21:19:48 [INFO] DHT 爬虫已启动
2025/05/13 21:19:48 [INFO] 爬虫已启动
2025/05/13 21:21:37 [INFO] DHT 爬虫已停止
2025/05/13 21:21:44 [INFO] DHT Wire 组件已启动
2025/05/13 21:21:44 [INFO] 元数据处理器已启动
2025/05/13 21:21:44 [INFO] DHT 爬虫已启动
2025/05/13 21:21:44 [INFO] 爬虫已启动
2025/05/13 21:25:11 [INFO] DHT 爬虫已停止
2025/05/13 21:25:17 [INFO] DHT Wire 组件已启动
2025/05/13 21:25:17 [INFO] 元数据处理器已启动
2025/05/13 21:25:17 [INFO] DHT 爬虫已启动
2025/05/13 21:25:17 [INFO] 爬虫已启动
2025/05/13 21:27:02 [INFO] DHT 爬虫已停止
2025/05/13 21:27:07 [INFO] DHT Wire 组件已启动
2025/05/13 21:27:07 [INFO] 元数据处理器已启动
2025/05/13 21:27:07 [INFO] DHT 爬虫已启动
2025/05/13 21:27:07 [INFO] 爬虫已启动
2025/05/13 21:27:58 [INFO] DHT 爬虫已停止
2025/05/13 21:28:03 [INFO] DHT Wire 组件已启动
2025/05/13 21:28:03 [INFO] 元数据处理器已启动
2025/05/13 21:28:03 [INFO] DHT 爬虫已启动
2025/05/13 21:28:03 [INFO] 爬虫已启动
2025/05/13 21:28:04 [INFO] DHT 爬虫已停止
2025/05/13 21:28:12 [INFO] DHT Wire 组件已启动
2025/05/13 21:28:12 [INFO] 元数据处理器已启动
2025/05/13 21:28:12 [INFO] DHT 爬虫已启动
2025/05/13 21:28:12 [INFO] 爬虫已启动
2025/05/13 21:30:47 [INFO] DHT 爬虫已停止
2025/05/13 21:30:55 [INFO] DHT Wire 组件已启动
2025/05/13 21:30:55 [INFO] 元数据处理器已启动
2025/05/13 21:30:55 [INFO] DHT 爬虫已启动
2025/05/13 21:30:55 [INFO] 爬虫已启动
2025/05/13 21:39:24 [INFO] DHT 爬虫已停止
2025/05/13 21:39:33 [INFO] DHT Wire 组件已启动
2025/05/13 21:39:33 [INFO] 元数据处理器已启动
2025/05/13 21:39:33 [INFO] DHT 爬虫已启动
2025/05/13 21:39:33 [INFO] 爬虫已启动
2025/05/13 21:48:19 [INFO] DHT 爬虫已停止
2025/05/13 21:58:46 [INFO] DHT Wire 组件已启动
2025/05/13 21:58:46 [INFO] 元数据处理器已启动
2025/05/13 21:58:46 [INFO] DHT 爬虫已启动
2025/05/13 21:58:46 [INFO] 爬虫已启动
2025/05/13 22:05:19 [INFO] DHT 爬虫已停止
2025/05/13 22:05:35 [INFO] DHT Wire 组件已启动
2025/05/13 22:05:35 [INFO] 元数据处理器已启动
2025/05/13 22:05:35 [INFO] DHT 爬虫已启动
2025/05/13 22:05:35 [INFO] 爬虫已启动
2025/05/13 22:06:59 [INFO] DHT 爬虫已停止
